\BOOKMARK [0][-]{chapter.1}{About This Book}{}% 1
\BOOKMARK [0][-]{chapter.2}{General Advice for Math Teachers}{}% 2
\BOOKMARK [1][-]{section.2.1}{Assessment}{chapter.2}% 3
\BOOKMARK [1][-]{section.2.2}{Time, Time, Time}{chapter.2}% 4
\BOOKMARK [1][-]{section.2.3}{Board Work}{chapter.2}% 5
\BOOKMARK [1][-]{section.2.4}{Group Work}{chapter.2}% 6
\BOOKMARK [1][-]{section.2.5}{Homework}{chapter.2}% 7
\BOOKMARK [1][-]{section.2.6}{Critical Thinking}{chapter.2}% 8
\BOOKMARK [0][-]{chapter.3}{Challenges Facing Math Teachers and Strategies for Success}{}% 9
\BOOKMARK [1][-]{section.3.1}{The Actual Teaching Part}{chapter.3}% 10
\BOOKMARK [2][-]{subsection.3.1.1}{Language Barriers}{section.3.1}% 11
\BOOKMARK [2][-]{subsection.3.1.2}{Slow learners / Unmotivated students}{section.3.1}% 12
\BOOKMARK [2][-]{subsection.3.1.3}{Ongoing assessment}{section.3.1}% 13
\BOOKMARK [2][-]{subsection.3.1.4}{Class size / management}{section.3.1}% 14
\BOOKMARK [2][-]{subsection.3.1.5}{Teaching methodology}{section.3.1}% 15
\BOOKMARK [2][-]{subsection.3.1.6}{Teaching towards the test}{section.3.1}% 16
\BOOKMARK [2][-]{subsection.3.1.7}{USA/TZ different learning methods \(GCF, LCM, etc.\)}{section.3.1}% 17
\BOOKMARK [2][-]{subsection.3.1.8}{Prepping for NECTA exam}{section.3.1}% 18
\BOOKMARK [2][-]{subsection.3.1.9}{What to do when everyone fails}{section.3.1}% 19
\BOOKMARK [1][-]{section.3.2}{Creating a Positive Math Culture}{chapter.3}% 20
\BOOKMARK [2][-]{subsection.3.2.1}{Students don't like math / Math is hard / Ugonjwa wa taifa}{section.3.2}% 21
\BOOKMARK [2][-]{subsection.3.2.2}{Older students have given up on math \(Form III, IV\)}{section.3.2}% 22
\BOOKMARK [2][-]{subsection.3.2.3}{Math isn't useful / Don't use math in real life}{section.3.2}% 23
\BOOKMARK [2][-]{subsection.3.2.4}{Girls can't do math}{section.3.2}% 24
\BOOKMARK [2][-]{subsection.3.2.5}{Teachers give up / No motivation for math teachers}{section.3.2}% 25
\BOOKMARK [0][-]{chapter.4}{Hands-On Tools from Locally Available Materials}{}% 26
\BOOKMARK [1][-]{section.4.1}{Accounts}{chapter.4}% 27
\BOOKMARK [1][-]{section.4.2}{Cartesian Plane}{chapter.4}% 28
\BOOKMARK [1][-]{section.4.3}{Circles}{chapter.4}% 29
\BOOKMARK [1][-]{section.4.4}{Clinometer}{chapter.4}% 30
\BOOKMARK [1][-]{section.4.5}{Compass}{chapter.4}% 31
\BOOKMARK [1][-]{section.4.6}{Dice}{chapter.4}% 32
\BOOKMARK [1][-]{section.4.7}{Dominoes}{chapter.4}% 33
\BOOKMARK [1][-]{section.4.8}{Flash Cards}{chapter.4}% 34
\BOOKMARK [1][-]{section.4.9}{Fractions and Decimals}{chapter.4}% 35
\BOOKMARK [1][-]{section.4.10}{Geoboard}{chapter.4}% 36
\BOOKMARK [1][-]{section.4.11}{Globe}{chapter.4}% 37
\BOOKMARK [1][-]{section.4.12}{Number Line}{chapter.4}% 38
\BOOKMARK [1][-]{section.4.13}{Protractor}{chapter.4}% 39
\BOOKMARK [1][-]{section.4.14}{Spinners}{chapter.4}% 40
\BOOKMARK [1][-]{section.4.15}{Three-Dimensional Objects}{chapter.4}% 41
\BOOKMARK [0][-]{chapter.5}{Form I-IV Topics and Activities}{}% 42
\BOOKMARK [1][-]{section.5.1}{Form I}{chapter.5}% 43
\BOOKMARK [2][-]{subsection.5.1.1}{Numbers \(I\)}{section.5.1}% 44
\BOOKMARK [2][-]{subsection.5.1.2}{Fractions}{section.5.1}% 45
\BOOKMARK [2][-]{subsection.5.1.3}{Decimals and Percentages}{section.5.1}% 46
\BOOKMARK [2][-]{subsection.5.1.4}{Units}{section.5.1}% 47
\BOOKMARK [2][-]{subsection.5.1.5}{Approximations}{section.5.1}% 48
\BOOKMARK [2][-]{subsection.5.1.6}{Geometry}{section.5.1}% 49
\BOOKMARK [2][-]{subsection.5.1.7}{Algebra}{section.5.1}% 50
\BOOKMARK [2][-]{subsection.5.1.8}{Numbers \(II\)}{section.5.1}% 51
\BOOKMARK [2][-]{subsection.5.1.9}{Ratio, Profit and Loss}{section.5.1}% 52
\BOOKMARK [2][-]{subsection.5.1.10}{Coordinate Geometry}{section.5.1}% 53
\BOOKMARK [2][-]{subsection.5.1.11}{Perimeter and Area}{section.5.1}% 54
\BOOKMARK [1][-]{section.5.2}{Form II}{chapter.5}% 55
\BOOKMARK [2][-]{subsection.5.2.1}{Exponents and Radicals}{section.5.2}% 56
\BOOKMARK [2][-]{subsection.5.2.2}{Algebra}{section.5.2}% 57
\BOOKMARK [2][-]{subsection.5.2.3}{Quadratic Equations}{section.5.2}% 58
\BOOKMARK [2][-]{subsection.5.2.4}{Logarithms}{section.5.2}% 59
\BOOKMARK [2][-]{subsection.5.2.5}{Congruence}{section.5.2}% 60
\BOOKMARK [2][-]{subsection.5.2.6}{Similarity}{section.5.2}% 61
\BOOKMARK [2][-]{subsection.5.2.7}{Geometrical Transformations}{section.5.2}% 62
\BOOKMARK [2][-]{subsection.5.2.8}{Pythagoras Theorem}{section.5.2}% 63
\BOOKMARK [2][-]{subsection.5.2.9}{Trigonometry}{section.5.2}% 64
\BOOKMARK [2][-]{subsection.5.2.10}{Sets}{section.5.2}% 65
\BOOKMARK [2][-]{subsection.5.2.11}{Statistics}{section.5.2}% 66
\BOOKMARK [1][-]{section.5.3}{Form III}{chapter.5}% 67
\BOOKMARK [2][-]{subsection.5.3.1}{Relations}{section.5.3}% 68
\BOOKMARK [2][-]{subsection.5.3.2}{Functions}{section.5.3}% 69
\BOOKMARK [2][-]{subsection.5.3.3}{Statistics}{section.5.3}% 70
\BOOKMARK [2][-]{subsection.5.3.4}{Rates and Variations}{section.5.3}% 71
\BOOKMARK [2][-]{subsection.5.3.5}{Sequences and Series}{section.5.3}% 72
\BOOKMARK [2][-]{subsection.5.3.6}{Circles}{section.5.3}% 73
\BOOKMARK [2][-]{subsection.5.3.7}{Earth as a Sphere}{section.5.3}% 74
\BOOKMARK [2][-]{subsection.5.3.8}{Accounts}{section.5.3}% 75
\BOOKMARK [1][-]{section.5.4}{Form IV}{chapter.5}% 76
\BOOKMARK [2][-]{subsection.5.4.1}{Coordinate Geometry}{section.5.4}% 77
\BOOKMARK [2][-]{subsection.5.4.2}{Area and Perimeter}{section.5.4}% 78
\BOOKMARK [2][-]{subsection.5.4.3}{Three-Dimensional Figures}{section.5.4}% 79
\BOOKMARK [2][-]{subsection.5.4.4}{Probability}{section.5.4}% 80
\BOOKMARK [2][-]{subsection.5.4.5}{Trigonometry}{section.5.4}% 81
\BOOKMARK [2][-]{subsection.5.4.6}{Vectors}{section.5.4}% 82
\BOOKMARK [2][-]{subsection.5.4.7}{Matrices and Transformations}{section.5.4}% 83
\BOOKMARK [2][-]{subsection.5.4.8}{Linear Programming}{section.5.4}% 84
\BOOKMARK [-1][-]{part.1}{I Hands-On Activities}{}% 85
\BOOKMARK [0][-]{chapter.6}{Mathematics Activities for Form I}{part.1}% 86
\BOOKMARK [0][-]{chapter.7}{Mathematics Activities for Form II}{part.1}% 87
\BOOKMARK [0][-]{chapter.8}{Mathematics Activities for Form III}{part.1}% 88
\BOOKMARK [0][-]{chapter.9}{Mathematics Activities for Form IV}{part.1}% 89
\BOOKMARK [0][-]{chapter.10}{Games and Activities for Stimulating Interest in Mathematics}{part.1}% 90
\BOOKMARK [1][-]{section.10.1}{Games}{chapter.10}% 91
\BOOKMARK [2][-]{subsection.10.1.1}{Jeopardy}{section.10.1}% 92
\BOOKMARK [2][-]{subsection.10.1.2}{Memory Matching}{section.10.1}% 93
\BOOKMARK [2][-]{subsection.10.1.3}{Around the World}{section.10.1}% 94
\BOOKMARK [2][-]{subsection.10.1.4}{BINGO}{section.10.1}% 95
\BOOKMARK [2][-]{subsection.10.1.5}{Battleship}{section.10.1}% 96
\BOOKMARK [2][-]{subsection.10.1.6}{20 Questions}{section.10.1}% 97
\BOOKMARK [2][-]{subsection.10.1.7}{Guess Who?}{section.10.1}% 98
\BOOKMARK [2][-]{subsection.10.1.8}{Toka \(Number Line\)}{section.10.1}% 99
\BOOKMARK [2][-]{subsection.10.1.9}{Snap!}{section.10.1}% 100
\BOOKMARK [1][-]{section.10.2}{Classroom Activities}{chapter.10}% 101
\BOOKMARK [2][-]{subsection.10.2.1}{Fractions, Decimals and Percentages}{section.10.2}% 102
\BOOKMARK [2][-]{subsection.10.2.2}{Geometry}{section.10.2}% 103
\BOOKMARK [2][-]{subsection.10.2.3}{Algebraic Operations}{section.10.2}% 104
\BOOKMARK [2][-]{subsection.10.2.4}{Ratios}{section.10.2}% 105
\BOOKMARK [2][-]{subsection.10.2.5}{Coordinate Geometry and Transformations}{section.10.2}% 106
\BOOKMARK [2][-]{subsection.10.2.6}{Functions}{section.10.2}% 107
\BOOKMARK [2][-]{subsection.10.2.7}{Sequences and Series}{section.10.2}% 108
\BOOKMARK [2][-]{subsection.10.2.8}{Volume and Surface Area}{section.10.2}% 109
\BOOKMARK [2][-]{subsection.10.2.9}{Probability and Statistics}{section.10.2}% 110
\BOOKMARK [1][-]{section.10.3}{Stimulating Puzzles}{chapter.10}% 111
\BOOKMARK [2][-]{subsection.10.3.1}{SUDOKU}{section.10.3}% 112
\BOOKMARK [2][-]{subsection.10.3.2}{Magic Squares}{section.10.3}% 113
\BOOKMARK [2][-]{subsection.10.3.3}{24 Squares}{section.10.3}% 114
\BOOKMARK [2][-]{subsection.10.3.4}{Four 4's}{section.10.3}% 115
\BOOKMARK [2][-]{subsection.10.3.5}{Make a Century}{section.10.3}% 116
\BOOKMARK [2][-]{subsection.10.3.6}{Intriguing Multiplication}{section.10.3}% 117
\BOOKMARK [2][-]{subsection.10.3.7}{Fraction Factory}{section.10.3}% 118
\BOOKMARK [1][-]{section.10.4}{Brain Teasers and Mind Benders}{chapter.10}% 119
\BOOKMARK [2][-]{subsection.10.4.1}{Hundreds, Tens and Units}{section.10.4}% 120
\BOOKMARK [2][-]{subsection.10.4.2}{Roll a Penny \(or 100 /= Coin\)}{section.10.4}% 121
\BOOKMARK [2][-]{subsection.10.4.3}{Invert the Triangle}{section.10.4}% 122
\BOOKMARK [2][-]{subsection.10.4.4}{Dividing Lines}{section.10.4}% 123
\BOOKMARK [2][-]{subsection.10.4.5}{The Ingenious Milkman}{section.10.4}% 124
\BOOKMARK [2][-]{subsection.10.4.6}{A Weighing Problem}{section.10.4}% 125
\BOOKMARK [2][-]{subsection.10.4.7}{A Question of Balance}{section.10.4}% 126
\BOOKMARK [0][-]{chapter.11}{NECTA Exam Format}{part.1}% 127
\BOOKMARK [0][-]{chapter.12}{NECTA Past Problems}{part.1}% 128
\BOOKMARK [1][-]{section.12.1}{Form I}{chapter.12}% 129
\BOOKMARK [2][-]{subsection.12.1.1}{Numbers, Fractions, Decimals, Approximations}{section.12.1}% 130
\BOOKMARK [2][-]{subsection.12.1.2}{Geometry}{section.12.1}% 131
\BOOKMARK [2][-]{subsection.12.1.3}{Algebra}{section.12.1}% 132
\BOOKMARK [2][-]{subsection.12.1.4}{Ratio, Profit and Loss}{section.12.1}% 133
\BOOKMARK [2][-]{subsection.12.1.5}{Coordinate Geometry}{section.12.1}% 134
\BOOKMARK [2][-]{subsection.12.1.6}{Perimeter and Area}{section.12.1}% 135
\BOOKMARK [1][-]{section.12.2}{Form II}{chapter.12}% 136
\BOOKMARK [2][-]{subsection.12.2.1}{Exponents}{section.12.2}% 137
\BOOKMARK [2][-]{subsection.12.2.2}{Radicals}{section.12.2}% 138
\BOOKMARK [2][-]{subsection.12.2.3}{Algebra}{section.12.2}% 139
\BOOKMARK [2][-]{subsection.12.2.4}{Quadratic Equations}{section.12.2}% 140
\BOOKMARK [2][-]{subsection.12.2.5}{Logarithms}{section.12.2}% 141
\BOOKMARK [2][-]{subsection.12.2.6}{Similarity / Congruence}{section.12.2}% 142
\BOOKMARK [2][-]{subsection.12.2.7}{Geometrical Transformations}{section.12.2}% 143
\BOOKMARK [2][-]{subsection.12.2.8}{Pythagoras Theorem}{section.12.2}% 144
\BOOKMARK [2][-]{subsection.12.2.9}{Trigonometry}{section.12.2}% 145
\BOOKMARK [2][-]{subsection.12.2.10}{Sets}{section.12.2}% 146
\BOOKMARK [2][-]{subsection.12.2.11}{Statistics}{section.12.2}% 147
\BOOKMARK [1][-]{section.12.3}{Form III}{chapter.12}% 148
\BOOKMARK [2][-]{subsection.12.3.1}{Relations / Functions}{section.12.3}% 149
\BOOKMARK [2][-]{subsection.12.3.2}{Statistics}{section.12.3}% 150
\BOOKMARK [2][-]{subsection.12.3.3}{Rates and Variations}{section.12.3}% 151
\BOOKMARK [2][-]{subsection.12.3.4}{Sequences and Series}{section.12.3}% 152
\BOOKMARK [2][-]{subsection.12.3.5}{Circles}{section.12.3}% 153
\BOOKMARK [2][-]{subsection.12.3.6}{Earth as a Sphere}{section.12.3}% 154
\BOOKMARK [2][-]{subsection.12.3.7}{Accounts}{section.12.3}% 155
\BOOKMARK [1][-]{section.12.4}{Form IV}{chapter.12}% 156
\BOOKMARK [2][-]{subsection.12.4.1}{Coordinate Geometry}{section.12.4}% 157
\BOOKMARK [2][-]{subsection.12.4.2}{Area and Perimeter}{section.12.4}% 158
\BOOKMARK [2][-]{subsection.12.4.3}{Three-Dimensional Figures}{section.12.4}% 159
\BOOKMARK [2][-]{subsection.12.4.4}{Probability}{section.12.4}% 160
\BOOKMARK [2][-]{subsection.12.4.5}{Trigonometry}{section.12.4}% 161
\BOOKMARK [2][-]{subsection.12.4.6}{Vectors}{section.12.4}% 162
\BOOKMARK [2][-]{subsection.12.4.7}{Matrices}{section.12.4}% 163
\BOOKMARK [2][-]{subsection.12.4.8}{Transformations}{section.12.4}% 164
\BOOKMARK [2][-]{subsection.12.4.9}{Linear Programming}{section.12.4}% 165
\BOOKMARK [0][-]{chapter.13}{Glossary of Math Terms in Kiswahili}{part.1}% 166
